<?xml version="1.0" encoding="UTF-8"?>
<!-- Generated by org.testng.reporters.JUnitReportReporter -->
<testsuite hostname="MacBook7528.local" failures="0" tests="1" name="pack01.tests.AuthPageTest" time="10.735" errors="0" timestamp="2021-06-10T18:22:42 EEST" skipped="0">
  <testcase classname="pack01.tests.AuthPageTest" name="testPositiveLoginField" time="10.735"/>
  <system-out/>
</testsuite> <!-- pack01.tests.AuthPageTest -->
