<?xml version="1.0" encoding="UTF-8"?>
<!-- Generated by org.testng.reporters.JUnitReportReporter -->
<testsuite hostname="MacBook7528.local" failures="0" tests="1" name="pack01.tests.AuthPageTest" time="4.623" errors="0" timestamp="2021-06-16T14:36:51 EEST" skipped="0">
  <testcase classname="pack01.tests.AuthPageTest" name="testPositiveLoginField" time="4.623"/>
  <system-out/>
</testsuite> <!-- pack01.tests.AuthPageTest -->
