<?xml version="1.0" encoding="UTF-8"?>
<!-- Generated by org.testng.reporters.JUnitReportReporter -->
<testsuite hostname="MacBook7528.local" failures="0" tests="1" name="pack01.tests.InspectModePageTest" time="16.899" errors="0" timestamp="2021-06-16T14:36:51 EEST" skipped="0">
  <testcase classname="pack01.tests.InspectModePageTest" name="testVerifyRectangle6IsPresent" time="16.899"/>
  <system-out/>
</testsuite> <!-- pack01.tests.InspectModePageTest -->
